This is pdfTeX, Version 3.14159265-2.6-1.40.20 (TeX Live 2019/W32TeX) (preloaded format=latex 2019.10.14)  5 MAR 2020 16:21
entering extended mode
 restricted \write18 enabled.
 %&-line parsing enabled.
**\scrollmode

*
(Please type a command or say `\end')
*\documentclass[12pt]{article}

*\usepackage{ifluatex}\ifluatex
(c:/texlive/2019/texmf-dist/tex/latex/base/article.cls
Document Class: article 2019/08/27 v1.4j Standard LaTeX document class
(c:/texlive/2019/texmf-dist/tex/latex/base/size12.clo
File: size12.clo 2019/08/27 v1.4j Standard LaTeX file (size option)
)
\c@part=\count80
\c@section=\count81
\c@subsection=\count82
\c@subsubsection=\count83
\c@paragraph=\count84
\c@subparagraph=\count85
\c@figure=\count86
\c@table=\count87
\abovecaptionskip=\skip41
\belowcaptionskip=\skip42
\bibindent=\dimen102
)
(c:/texlive/2019/texmf-dist/tex/generic/oberdiek/ifluatex.sty
Package: ifluatex 2016/05/16 v1.4 Provides the ifluatex switch (HO)
Package ifluatex Info: LuaTeX not detected.
)
*\ifx\pdfpagewidth\undefined\let\pdfpagewidth\paperwidth\fi

*\ifx\pdfpageheight\undefined\let\pdfpageheight\paperheight\fi\else

*\let\paperwidthsave\paperwidth\let\paperwidth\undefined

*\usepackage{graphicx}

*\let\paperwidth\paperwidthsave\fi
(c:/texlive/2019/texmf-dist/tex/latex/graphics/graphicx.sty
Package: graphicx 2017/06/01 v1.1a Enhanced LaTeX Graphics (DPC,SPQR)

(c:/texlive/2019/texmf-dist/tex/latex/graphics/keyval.sty
Package: keyval 2014/10/28 v1.15 key=value parser (DPC)
\KV@toks@=\toks14
)
(c:/texlive/2019/texmf-dist/tex/latex/graphics/graphics.sty
Package: graphics 2019/10/08 v1.3c Standard LaTeX Graphics (DPC,SPQR)

(c:/texlive/2019/texmf-dist/tex/latex/graphics/trig.sty
Package: trig 2016/01/03 v1.10 sin cos tan (DPC)
)
(c:/texlive/2019/texmf-dist/tex/latex/graphics-cfg/graphics.cfg
File: graphics.cfg 2016/06/04 v1.11 sample graphics configuration
)
Package graphics Info: Driver file: dvips.def on input line 105.

(c:/texlive/2019/texmf-dist/tex/latex/graphics-def/dvips.def
File: dvips.def 2017/06/20 v3.1d Graphics/color driver for dvips
))
\Gin@req@height=\dimen103
\Gin@req@width=\dimen104
)
*\usepackage{pstricks}

*\usepackage{pst-text}
(c:/texlive/2019/texmf-dist/tex/latex/pstricks/pstricks.sty
Package: pstricks 2018/12/21 v0.69 LaTeX wrapper for `PSTricks' (RN,HV)

(c:/texlive/2019/texmf-dist/tex/generic/iftex/iftex.sty
Package: iftex 2013/04/04 v0.2 Provides if(tex) conditional for PDFTeX, XeTeX, 
and LuaTeX
)
(c:/texlive/2019/texmf-dist/tex/latex/tools/shellesc.sty
Package: shellesc 2016/06/07 v0.02b unified shell escape interface for LaTeX
Package shellesc Info: Restricted shell escape enabled on input line 72.
)
(c:/texlive/2019/texmf-dist/tex/latex/xcolor/xcolor.sty
Package: xcolor 2016/05/11 v2.12 LaTeX color extensions (UK)

(c:/texlive/2019/texmf-dist/tex/latex/graphics-cfg/color.cfg
File: color.cfg 2016/01/02 v1.6 sample color configuration
)
Package xcolor Info: Driver file: dvips.def on input line 225.
Package xcolor Info: Model `cmy' substituted by `cmy0' on input line 1348.
Package xcolor Info: Model `RGB' extended on input line 1364.
Package xcolor Info: Model `HTML' substituted by `rgb' on input line 1366.
Package xcolor Info: Model `Hsb' substituted by `hsb' on input line 1367.
Package xcolor Info: Model `tHsb' substituted by `hsb' on input line 1368.
Package xcolor Info: Model `HSB' substituted by `hsb' on input line 1369.
Package xcolor Info: Model `Gray' substituted by `gray' on input line 1370.
Package xcolor Info: Model `wave' substituted by `hsb' on input line 1371.
)
(c:/texlive/2019/texmf-dist/tex/generic/xkeyval/pst-xkey.tex
File: pst-xkey.tex 2005/11/25 v1.6 PSTricks specialization of xkeyval (HA)

(c:/texlive/2019/texmf-dist/tex/latex/xkeyval/xkeyval.sty
Package: xkeyval 2014/12/03 v2.7a package option processing (HA)

(c:/texlive/2019/texmf-dist/tex/generic/xkeyval/xkeyval.tex
(c:/texlive/2019/texmf-dist/tex/generic/xkeyval/xkvutils.tex
\XKV@toks=\toks15
\XKV@tempa@toks=\toks16
)
\XKV@depth=\count88
File: xkeyval.tex 2014/12/03 v2.7a key=value parser (HA)
)))
(c:/texlive/2019/texmf-dist/tex/generic/pstricks/pstricks.tex
(c:/texlive/2019/texmf-dist/tex/generic/pstricks/pst-fp.tex
`pst-fp' v0.05, 2010/01/17 (hv)
\pstFP@xs=\count89
\pstFP@xia=\count90
\pstFP@xib=\count91
\pstFP@xfa=\count92
\pstFP@xfb=\count93
\pstFP@rega=\count94
\pstFP@regb=\count95
\pstFP@regs=\count96
\pstFP@times=\count97
)
(c:/texlive/2019/texmf-dist/tex/generic/pgf/utilities/pgfutil-common.tex
\pgfutil@everybye=\toks17
\pgfutil@tempdima=\dimen105
\pgfutil@tempdimb=\dimen106

(c:/texlive/2019/texmf-dist/tex/generic/pgf/utilities/pgfutil-common-lists.tex)
) (c:/texlive/2019/texmf-dist/tex/generic/pgf/utilities/pgfkeys.code.tex
\pgfkeys@pathtoks=\toks18
\pgfkeys@temptoks=\toks19

(c:/texlive/2019/texmf-dist/tex/generic/pgf/utilities/pgfkeysfiltered.code.tex
\pgfkeys@tmptoks=\toks20
)) (c:/texlive/2019/texmf-dist/tex/generic/pgf/utilities/pgffor.code.tex
Loading pgffor.code.tex
(c:/texlive/2019/texmf-dist/tex/generic/pgf/math/pgfmath.code.tex
(c:/texlive/2019/texmf-dist/tex/generic/pgf/math/pgfmathcalc.code.tex
(c:/texlive/2019/texmf-dist/tex/generic/pgf/math/pgfmathutil.code.tex
\pgf@x=\dimen107
\pgf@xa=\dimen108
\pgf@xb=\dimen109
\pgf@xc=\dimen110
\pgf@y=\dimen111
\pgf@ya=\dimen112
\pgf@yb=\dimen113
\pgf@yc=\dimen114
\c@pgf@counta=\count98
\c@pgf@countb=\count99
\c@pgf@countc=\count100
\c@pgf@countd=\count101
\pgfutil@tempcnta=\count102
\pgfutil@tempcntb=\count103
)
(c:/texlive/2019/texmf-dist/tex/generic/pgf/math/pgfmathparser.code.tex
\pgfmath@dimen=\dimen115
\pgfmath@count=\count104
\pgfmath@box=\box27
\pgfmath@toks=\toks21
\pgfmath@stack@operand=\toks22
\pgfmath@stack@operation=\toks23
)
(c:/texlive/2019/texmf-dist/tex/generic/pgf/math/pgfmathfunctions.code.tex
(c:/texlive/2019/texmf-dist/tex/generic/pgf/math/pgfmathfunctions.basic.code.te
x)
(c:/texlive/2019/texmf-dist/tex/generic/pgf/math/pgfmathfunctions.trigonometric
.code.tex)
(c:/texlive/2019/texmf-dist/tex/generic/pgf/math/pgfmathfunctions.random.code.t
ex)
(c:/texlive/2019/texmf-dist/tex/generic/pgf/math/pgfmathfunctions.comparison.co
de.tex)
(c:/texlive/2019/texmf-dist/tex/generic/pgf/math/pgfmathfunctions.base.code.tex
)
(c:/texlive/2019/texmf-dist/tex/generic/pgf/math/pgfmathfunctions.round.code.te
x)
(c:/texlive/2019/texmf-dist/tex/generic/pgf/math/pgfmathfunctions.misc.code.tex
)
(c:/texlive/2019/texmf-dist/tex/generic/pgf/math/pgfmathfunctions.integerarithm
etics.code.tex)))
(c:/texlive/2019/texmf-dist/tex/generic/pgf/math/pgfmathfloat.code.tex
\c@pgfmathroundto@lastzeros=\count105
))
\pgffor@iter=\dimen116
\pgffor@skip=\dimen117
\pgffor@stack=\toks24
\pgffor@toks=\toks25
)
\psLoopIndex=\count106

`PSTricks' v2.97  <2019/05/11> (tvz,hv)
\pst@dima=\dimen118
\pst@dimb=\dimen119
\pst@dimc=\dimen120
\pst@dimd=\dimen121
\pst@dimg=\dimen122
\pst@dimh=\dimen123
\pst@dimm=\dimen124
\pst@dimn=\dimen125
\pst@dimo=\dimen126
\pst@dimp=\dimen127
\pst@hbox=\box28
\pst@ibox=\box29
\pst@boxg=\box30
\pst@cnta=\count107
\pst@cntb=\count108
\pst@cntc=\count109
\pst@cntd=\count110
\pst@cntg=\count111
\pst@cnth=\count112
\pst@cntm=\count113
\pst@cntn=\count114
\pst@cnto=\count115
\pst@cntp=\count116
\@zero=\count117
\pst@toks=\toks26
(c:/texlive/2019/texmf-dist/tex/generic/pstricks/pstricks.con)
\psunit=\dimen128
\psxunit=\dimen129
\psyunit=\dimen130
\pst@C@@rType=\count118
\pslinewidth=\dimen131
\psk@startLW=\dimen132
\psk@endLW=\dimen133
\pst@customdefs=\toks27
\pslinearc=\dimen134
\pst@symbolStep=\dimen135
\pst@symbolWidth=\dimen136
\pst@symbolLinewidth=\dimen137
\everypsbox=\toks28
\psframesep=\dimen138
\pslabelsep=\dimen139
\sh@wgridXunit=\dimen140
\sh@wgridYunit=\dimen141
\pst@shift=\dimen142
)
File: pstricks.tex 2019/05/11 v2.97 `PSTricks' (tvz,hv)

(c:/texlive/2019/texmf-dist/tex/generic/pstricks/pst-fp.tex)
File: pst-fp.tex 2019/05/11 v2.97 `PST-fp' (hv)
)
*\newbox\ASYbox
(c:/texlive/2019/texmf-dist/tex/latex/pst-text/pst-text.sty
Package: pst-text 2018/12/28 package wrapper for pst-text.tex (hv)

(c:/texlive/2019/texmf-dist/tex/generic/pst-text/pst-text.tex
 v1.01, 2018/12/22(tvz,hv))
File: pst-text.tex 2018/12/22 1.01 `pst-text' (tvz)
)
\ASYbox=\box31

*\newdimen\ASYdimen
\ASYdimen=\dimen143

*\def\ASYprefix{}

*\long\def\ASYbase#1#2{\leavevmode\setbox\ASYbox=\hbox{#1}%\ASYdimen=\ht\ASYbox
%

*\setbox\ASYbox=\hbox{#2}\lower\ASYdimen\box\ASYbox}

*\usepackage{graphicx}

*\begin{document}
(./texput.aux)
\openout1 = `texput.aux'.

LaTeX Font Info:    Checking defaults for OML/cmm/m/it on input line 0.
LaTeX Font Info:    ... okay on input line 0.
LaTeX Font Info:    Checking defaults for T1/cmr/m/n on input line 0.
LaTeX Font Info:    ... okay on input line 0.
LaTeX Font Info:    Checking defaults for OT1/cmr/m/n on input line 0.
LaTeX Font Info:    ... okay on input line 0.
LaTeX Font Info:    Checking defaults for OMS/cmsy/m/n on input line 0.
LaTeX Font Info:    ... okay on input line 0.
LaTeX Font Info:    Checking defaults for OMX/cmex/m/n on input line 0.
LaTeX Font Info:    ... okay on input line 0.
LaTeX Font Info:    Checking defaults for U/cmr/m/n on input line 0.
LaTeX Font Info:    ... okay on input line 0.

*\makeatletter%

*\let\ASYencoding\f@encoding%

*\let\ASYfamily\f@family%

*\let\ASYseries\f@series%

*\let\ASYshape\f@shape%

*\makeatother%

*\fontsize{12}{14.4}\selectfont

*
(Please type a command or say `\end')
*\usefont{\ASYencoding}{\ASYfamily}{\ASYseries}{\ASYshape}%

*
(Please type a command or say `\end')
*\setbox\ASYbox=\hbox{Vista Frontal}

*
(Please type a command or say `\end')
*\immediate\write16{>dim(\the\wd\ASYbox)dim}
>dim(68.11041pt)dim

*\immediate\write16{>dim(\the\ht\ASYbox)dim}
>dim(8.33331pt)dim

*\immediate\write16{>dim(\the\dp\ASYbox)dim}
>dim(0.0pt)dim

*\fontsize{12}{14.4}\selectfont

*
(Please type a command or say `\end')
*\usefont{\ASYencoding}{\ASYfamily}{\ASYseries}{\ASYshape}%

*
(Please type a command or say `\end')
*\setbox\ASYbox=\hbox{Vista Lateral}

*
(Please type a command or say `\end')
*\immediate\write16{>dim(\the\wd\ASYbox)dim}
>dim(67.78403pt)dim

*\immediate\write16{>dim(\the\ht\ASYbox)dim}
>dim(8.33331pt)dim

*\immediate\write16{>dim(\the\dp\ASYbox)dim}
>dim(0.0pt)dim

*\fontsize{12}{14.4}\selectfont

*
(Please type a command or say `\end')
*\usefont{\ASYencoding}{\ASYfamily}{\ASYseries}{\ASYshape}%

*
(Please type a command or say `\end')
*\setbox\ASYbox=\hbox{Vista Superior}

*
(Please type a command or say `\end')
*\immediate\write16{>dim(\the\wd\ASYbox)dim}
>dim(74.477pt)dim

*\immediate\write16{>dim(\the\ht\ASYbox)dim}
>dim(8.2pt)dim

*\immediate\write16{>dim(\the\dp\ASYbox)dim}
>dim(2.33331pt)dim

*\fontsize{12}{14.4}\selectfont

*
(Please type a command or say `\end')
*\usefont{\ASYencoding}{\ASYfamily}{\ASYseries}{\ASYshape}%

*
(Please type a command or say `\end')
*\setbox\ASYbox=\hbox{Plano Frontal}

*
(Please type a command or say `\end')
*\immediate\write16{>dim(\the\wd\ASYbox)dim}
>dim(70.49512pt)dim

*\immediate\write16{>dim(\the\ht\ASYbox)dim}
>dim(8.33331pt)dim

*\immediate\write16{>dim(\the\dp\ASYbox)dim}
>dim(0.0pt)dim

*\fontsize{12}{14.4}\selectfont

*
(Please type a command or say `\end')
*\usefont{\ASYencoding}{\ASYfamily}{\ASYseries}{\ASYshape}%

*
(Please type a command or say `\end')
*\setbox\ASYbox=\hbox{Plano Horizontal}

*
(Please type a command or say `\end')
*\immediate\write16{>dim(\the\wd\ASYbox)dim}
>dim(86.9755pt)dim

*\immediate\write16{>dim(\the\ht\ASYbox)dim}
>dim(8.33331pt)dim

*\immediate\write16{>dim(\the\dp\ASYbox)dim}
>dim(0.0pt)dim

*\fontsize{12}{14.4}\selectfont

*
(Please type a command or say `\end')
*\usefont{\ASYencoding}{\ASYfamily}{\ASYseries}{\ASYshape}%

*
(Please type a command or say `\end')
*\setbox\ASYbox=\hbox{Plano Lateral}

*
(Please type a command or say `\end')
*\immediate\write16{>dim(\the\wd\ASYbox)dim}
>dim(70.16873pt)dim

*\immediate\write16{>dim(\the\ht\ASYbox)dim}
>dim(8.33331pt)dim

*\immediate\write16{>dim(\the\dp\ASYbox)dim}
>dim(0.0pt)dim

*\fontsize{12}{14.4}\selectfont

*
(Please type a command or say `\end')
*\usefont{\ASYencoding}{\ASYfamily}{\ASYseries}{\ASYshape}%

*
(Please type a command or say `\end')
*\setbox\ASYbox=\hbox{Vista Frontal}

*
(Please type a command or say `\end')
*\immediate\write16{>dim(\the\wd\ASYbox)dim}
>dim(68.11041pt)dim

*\immediate\write16{>dim(\the\ht\ASYbox)dim}
>dim(8.33331pt)dim

*\immediate\write16{>dim(\the\dp\ASYbox)dim}
>dim(0.0pt)dim

*\setbox\ASYbox=\hbox{Vista Lateral}

*
(Please type a command or say `\end')
*\immediate\write16{>dim(\the\wd\ASYbox)dim}
>dim(67.78403pt)dim

*\immediate\write16{>dim(\the\ht\ASYbox)dim}
>dim(8.33331pt)dim

*\immediate\write16{>dim(\the\dp\ASYbox)dim}
>dim(0.0pt)dim

*\setbox\ASYbox=\hbox{Vista Superior}

*
(Please type a command or say `\end')
*\immediate\write16{>dim(\the\wd\ASYbox)dim}
>dim(74.477pt)dim

*\immediate\write16{>dim(\the\ht\ASYbox)dim}
>dim(8.2pt)dim

*\immediate\write16{>dim(\the\dp\ASYbox)dim}
>dim(2.33331pt)dim

*\setbox\ASYbox=\hbox{Plano Frontal}

*
(Please type a command or say `\end')
*\immediate\write16{>dim(\the\wd\ASYbox)dim}
>dim(70.49512pt)dim

*\immediate\write16{>dim(\the\ht\ASYbox)dim}
>dim(8.33331pt)dim

*\immediate\write16{>dim(\the\dp\ASYbox)dim}
>dim(0.0pt)dim

*\setbox\ASYbox=\hbox{Plano Horizontal}

*
(Please type a command or say `\end')
*\immediate\write16{>dim(\the\wd\ASYbox)dim}
>dim(86.9755pt)dim

*\immediate\write16{>dim(\the\ht\ASYbox)dim}
>dim(8.33331pt)dim

*\immediate\write16{>dim(\the\dp\ASYbox)dim}
>dim(0.0pt)dim

*\setbox\ASYbox=\hbox{Plano Lateral}

*
(Please type a command or say `\end')
*\immediate\write16{>dim(\the\wd\ASYbox)dim}
>dim(70.16873pt)dim

*\immediate\write16{>dim(\the\ht\ASYbox)dim}
>dim(8.33331pt)dim

*\immediate\write16{>dim(\the\dp\ASYbox)dim}
>dim(0.0pt)dim

*
! Emergency stop.
<*> \immediate\write16{>dim(\the\dp\ASYbox)dim}
                                               
End of file on the terminal!

 
Here is how much of TeX's memory you used:
 7735 strings out of 492168
 139988 string characters out of 6129184
 202069 words of memory out of 5000000
 12054 multiletter control sequences out of 15000+600000
 3938 words of font info for 15 fonts, out of 8000000 for 9000
 1141 hyphenation exceptions out of 8191
 37i,0n,45p,397b,36s stack positions out of 5000i,500n,10000p,200000b,80000s
No pages of output.
