This is XeTeX, Version 3.14159265-2.6-0.999992 (TeX Live 2020/W32TeX) (preloaded format=xelatex 2020.7.27)  27 NOV 2020 12:30
entering extended mode
 restricted \write18 enabled.
 %&-line parsing enabled.
**professor
(x:/texlive/2020/texmf-dist/tex/latex/tools/x.tex
LaTeX2e <2020-02-02> patch level 5
L3 programming layer <2020-07-17>
! .
l.38   \batchmode \errmessage{}
                               \csname @@end\endcsname \end
This error message was generated by an \errmessage
command, so I can't give any explicit help.
Pretend that you're Hercule Poirot: Examine all clues,
and deduce the truth by order and method.

 ) 
Here is how much of TeX's memory you used:
 18 strings out of 479712
 412 string characters out of 5892708
 248264 words of memory out of 5000000
 17344 multiletter control sequences out of 15000+600000
 535088 words of font info for 29 fonts, out of 8000000 for 9000
 1348 hyphenation exceptions out of 8191
 12i,0n,15p,89b,8s stack positions out of 5000i,500n,10000p,200000b,80000s

No pages of output.
